**** Scenario 1: begin
---- creating a shopping cart
2017-12-05T09:26:07.122.781: Creation: ?.? - startCart -> ShoppingCart ==> 0
2017-12-05T09:26:07.122.806: Transition: ?.? - startCart -> ShoppingCart.0: @ ==> NewOrder
2017-12-05T09:26:07.122.813: Transition: ShoppingCart.0 - addSelection -> ShoppingCart.0: NewOrder ==> AddingSelectiontoOrder
---- changing quantity to 0
2017-12-05T09:26:07.122.829: Transition: ?.? - changeQuantity -> ProductSelection.0: NewSelection ==> ChangingQuantity
2017-12-05T09:26:07.122.833: Transition: ProductSelection.0 - removeSelection -> ProductSelection.0: ChangingQuantity ==> RemovingSelection
2017-12-05T09:26:07.122.837: Transition: ProductSelection.0 - cancel -> ShoppingCart.0: AddingSelectiontoOrder ==> CancelingEntireOrder
**** Scenario 1: end
**** Scenario 2: begin
---- creating a new cart
2017-12-05T09:26:07.122.853: Creation: ?.? - startCart -> ShoppingCart ==> 1
2017-12-05T09:26:07.122.856: Transition: ?.? - startCart -> ShoppingCart.1: @ ==> NewOrder
2017-12-05T09:26:07.122.859: Transition: ShoppingCart.1 - addSelection -> ShoppingCart.1: NewOrder ==> AddingSelectiontoOrder
---- change quantity to 2 books
2017-12-05T09:26:07.122.869: Transition: ?.? - changeQuantity -> ProductSelection.1: NewSelection ==> ChangingQuantity
---- adding music to the shopping cart
2017-12-05T09:26:07.122.875: Transition: ?.? - addSelection -> ShoppingCart.1: AddingSelectiontoOrder ==> AddingSelectiontoOrder
---- checking out
2017-12-05T09:26:07.122.897: Transition: ?.? - checkOut -> ShoppingCart.1: AddingSelectiontoOrder ==> EstablishingCustomerandVerifyingPayment
2017-12-05T09:26:07.122.904: Creation: ShoppingCart.1 - checkOut -> Order ==> 0
2017-12-05T09:26:07.122.907: Transition: ShoppingCart.1 - checkOut -> Order.0: @ ==> EstablishingCustomerandVerifyingPayment
2017-12-05T09:26:07.122.912: Transition: Order.0 - submitCharge -> Order.0: EstablishingCustomerandVerifyingPayment ==> SubmittingCharge
2017-12-05T09:26:07.122.917: Creation: Order.0 - makeCharge -> CreditCardCharge ==> 0
2017-12-05T09:26:07.122.920: Transition: Order.0 - makeCharge -> CreditCardCharge.0: @ ==> RequestingChargeApproval
---- payment approval
2017-12-05T09:26:07.221.954: Transition: ?.? - chargeProcessed -> CreditCardCharge.0: RequestingChargeApproval ==> ProcessingCompleted
2017-12-05T09:26:07.221.991: Transition: CreditCardCharge.0 - paymentApproved -> Order.0: SubmittingCharge ==> BeingPackedandShipped
2017-12-05T09:26:07.222.006: Creation: Order.0 - requestShipment -> Shipment ==> 0
2017-12-05T09:26:07.222.014: Transition: Order.0 - requestShipment -> Shipment.0: @ ==> PreparingShipment
2017-12-05T09:26:07.222.024: Transition: Shipment.0 - shipmentReadyToPack -> Warehouse.acme: WaitingforaShipment ==> WaitingforaFreeClerk
2017-12-05T09:26:07.222.032: Transition: Warehouse.acme - clerkFree -> Warehouse.acme: WaitingforaFreeClerk ==> AssigningClerktoShipment
2017-12-05T09:26:07.222.040: Transition: Warehouse.acme - clerkAssignedToShipment -> Warehouse.acme: AssigningClerktoShipment ==> WaitingforaShipment
2017-12-05T09:26:07.222.046: Transition: Warehouse.acme - clerkAssigned -> ShippingClerk.fs: WaitingforaJob ==> SelectingBooks
**** Scenario 2: end
**** Scenario 3: begin
---- packing order
2017-12-05T09:26:07.622.105: Transition: ShippingClerk.fs - booksSelected -> ShippingClerk.fs: SelectingBooks ==> PackingBox
2017-12-05T09:26:08.322.262: Transition: ShippingClerk.fs - boxPacked -> ShippingClerk.fs: PackingBox ==> SealingBox
2017-12-05T09:26:09.122.495: Transition: ShippingClerk.fs - boxSealed -> ShippingClerk.fs: SealingBox ==> AttachingShippingLabel
2017-12-05T09:26:09.722.666: Transition: ShippingClerk.fs - shippingLabelAttached -> ShippingClerk.fs: AttachingShippingLabel ==> DeliveringBoxtoLoadingDock
2017-12-05T09:26:10.122.787: Transition: ShippingClerk.fs - boxAtLoadingDoc -> ShippingClerk.fs: DeliveringBoxtoLoadingDock ==> CompletingJob
2017-12-05T09:26:10.122.852: Transition: ShippingClerk.fs - packed -> Shipment.0: PreparingShipment ==> PackedandAwaitingTrackingNumber
2017-12-05T09:26:10.122.887: Transition: ShippingClerk.fs - clerkFree -> Warehouse.acme: WaitingforaShipment ==> IG
**** Scenario 3: end
**** Scenario 4: begin
---- delivering shipment
2017-12-05T09:26:10.122.989: Transition: ?.? - trackingNumberAssigned -> Shipment.0: PackedandAwaitingTrackingNumber ==> NumberAssigned
2017-12-05T09:26:10.321.977: Transition: ?.? - pickedUp -> Shipment.0: NumberAssigned ==> InTransittoCustomer
2017-12-05T09:26:11.122.998: Transition: ?.? - deliveryConfirmed -> Shipment.0: InTransittoCustomer ==> Delivered
2017-12-05T09:26:11.123.063: Transition: Shipment.0 - orderDelivered -> Order.0: BeingPackedandShipped ==> DeliveredtoCustomer
**** Scenario 4: end
